Vivado Simulator 2020.2
Time resolution is 1 ps
wei  0 x  0
wei  0
wei  0 x  1
wei  1
wei -1 x  0
wei -1
wei  0 x  0
wei  0
wei  1 x  1
wei  1
wei  0 x  0
wei  0
wei  0 x  0
wei  0
wei  0 x  1
wei  1
wei -1 x  0
wei -1
wei  0 x  0
wei  0
wei  1 x  0
wei  1
wei  0 x  0
wei  0
wei  0 x  0
wei  0
wei -1 x  0
wei -1
wei  0 x  0
wei  0
wei  1 x  0
wei  1
wei  0 x  0
wei  0
wei -1 x  0
wei -1
wei  0 x  0
wei  0
wei  1 x  0
wei  1
wei  0 x  0
wei  0
wei  1 x  1
wei  1
wei  0 x  1
wei  1
wei -1 x  1
wei  0
wei  0 x  1
wei  1
wei  1 x  1
wei  1
wei  0 x  1
wei  1
wei  1 x  1
wei  1
wei  0 x  1
wei  1
wei -1 x  1
wei  0
wei  1 x  0
wei  1
wei  1 x  1
wei  1
wei  0 x  1
wei  1
wei  1 x  0
wei  1
wei  1 x  1
wei  1
wei  1 x  1
wei  1
wei  1 x  0
wei  1
wei  1 x  1
wei  1
wei  0 x  1
wei  1
wei  1 x  0
wei  1
wei  1 x  0
wei  1
wei  1 x  1
wei  1
wei  0 x  0
wei  0
wei -1 x  0
wei -1
wei  0 x  1
wei  1
wei  1 x  0
wei  1
wei  1 x  0
wei  1
wei  1 x  1
wei  1
wei  0 x  0
wei  0
wei  1 x  0
wei  1
wei  0 x  1
wei  1
